2014-06-05 20:35:14 com.baiting.main.BaiTingMain INFO -初始化数据.....
2014-06-05 20:35:14 com.baiting.main.BaiTingMain INFO -加载配置文件.....
2014-06-05 20:35:15 com.baiting.main.BaiTingMain INFO -加载配置文件..[完毕]...
2014-06-05 20:35:15 com.baiting.main.BaiTingMain INFO -开始运行程序.....
2014-06-05 21:30:38 com.baiting.main.BaiTingMain INFO -初始化数据.....
2014-06-05 21:30:38 com.baiting.main.BaiTingMain INFO -加载配置文件.....
2014-06-05 21:30:38 com.baiting.main.BaiTingMain INFO -加载配置文件..[完毕]...
2014-06-05 21:30:38 com.baiting.main.BaiTingMain INFO -开始运行程序.....
2014-06-05 21:32:37 com.baiting.main.BaiTingMain INFO -初始化数据.....
2014-06-05 21:32:37 com.baiting.main.BaiTingMain INFO -加载配置文件.....
2014-06-05 21:32:37 com.baiting.main.BaiTingMain INFO -加载配置文件..[完毕]...
2014-06-05 21:32:37 com.baiting.main.BaiTingMain INFO -开始运行程序.....
2014-06-05 21:37:04 com.baiting.main.BaiTingMain INFO -初始化数据.....
2014-06-05 21:37:04 com.baiting.main.BaiTingMain INFO -加载配置文件.....
2014-06-05 21:37:04 com.baiting.main.BaiTingMain INFO -加载配置文件..[完毕]...
2014-06-05 21:37:04 com.baiting.main.BaiTingMain INFO -开始运行程序.....
2014-06-05 21:42:37 com.baiting.main.BaiTingMain INFO -初始化数据.....
2014-06-05 21:42:37 com.baiting.main.BaiTingMain INFO -加载配置文件.....
2014-06-05 21:42:38 com.baiting.main.BaiTingMain INFO -加载配置文件..[完毕]...
2014-06-05 21:42:38 com.baiting.main.BaiTingMain INFO -开始运行程序.....
2014-06-05 21:44:23 com.baiting.main.BaiTingMain INFO -初始化数据.....
2014-06-05 21:44:23 com.baiting.main.BaiTingMain INFO -加载配置文件.....
2014-06-05 21:44:24 com.baiting.main.BaiTingMain INFO -加载配置文件..[完毕]...
2014-06-05 21:44:24 com.baiting.main.BaiTingMain INFO -开始运行程序.....
2014-06-05 21:45:21 com.baiting.main.BaiTingMain INFO -初始化数据.....
2014-06-05 21:45:21 com.baiting.main.BaiTingMain INFO -加载配置文件.....
2014-06-05 21:45:21 com.baiting.main.BaiTingMain INFO -加载配置文件..[完毕]...
2014-06-05 21:45:21 com.baiting.main.BaiTingMain INFO -开始运行程序.....
2014-06-05 21:46:18 com.baiting.main.BaiTingMain INFO -初始化数据.....
2014-06-05 21:46:18 com.baiting.main.BaiTingMain INFO -加载配置文件.....
2014-06-05 21:46:18 com.baiting.main.BaiTingMain INFO -加载配置文件..[完毕]...
2014-06-05 21:46:19 com.baiting.main.BaiTingMain INFO -开始运行程序.....
2014-06-05 21:48:15 com.baiting.main.BaiTingMain INFO -初始化数据.....
2014-06-05 21:48:15 com.baiting.main.BaiTingMain INFO -加载配置文件.....
2014-06-05 21:48:16 com.baiting.main.BaiTingMain INFO -加载配置文件..[完毕]...
2014-06-05 21:48:16 com.baiting.main.BaiTingMain INFO -开始运行程序.....
2014-06-05 21:52:11 com.baiting.main.BaiTingMain INFO -初始化数据.....
2014-06-05 21:52:11 com.baiting.main.BaiTingMain INFO -加载配置文件.....
2014-06-05 21:52:11 com.baiting.main.BaiTingMain INFO -加载配置文件..[完毕]...
2014-06-05 21:52:11 com.baiting.main.BaiTingMain INFO -开始运行程序.....
2014-06-05 21:59:50 com.baiting.main.BaiTingMain INFO -初始化数据.....
2014-06-05 21:59:50 com.baiting.main.BaiTingMain INFO -加载配置文件.....
2014-06-05 21:59:50 com.baiting.main.BaiTingMain INFO -加载配置文件..[完毕]...
2014-06-05 21:59:50 com.baiting.main.BaiTingMain INFO -开始运行程序.....
2014-06-05 22:01:48 com.baiting.main.BaiTingMain INFO -初始化数据.....
2014-06-05 22:01:48 com.baiting.main.BaiTingMain INFO -加载配置文件.....
2014-06-05 22:01:48 com.baiting.main.BaiTingMain INFO -加载配置文件..[完毕]...
2014-06-05 22:01:48 com.baiting.main.BaiTingMain INFO -开始运行程序.....
2014-06-05 22:05:56 com.baiting.main.BaiTingMain INFO -初始化数据.....
2014-06-05 22:05:56 com.baiting.main.BaiTingMain INFO -加载配置文件.....
2014-06-05 22:05:56 com.baiting.main.BaiTingMain INFO -加载配置文件..[完毕]...
2014-06-05 22:05:56 com.baiting.main.BaiTingMain INFO -开始运行程序.....
2014-06-05 22:07:44 com.baiting.layout.LyricDisplayer INFO -当前宽高[907,526],图片宽高[907,680]
2014-06-05 22:07:44 com.baiting.layout.LyricDisplayer INFO -当前宽高[907,526],图片宽高[907,680]
2014-06-05 22:07:51 com.baiting.layout.LyricDisplayer INFO -当前宽高[907,526],图片宽高[907,680]
2014-06-05 22:08:37 com.baiting.layout.LyricDisplayer INFO -当前宽高[907,526],图片宽高[907,680]
2014-06-05 22:08:38 com.baiting.layout.LyricDisplayer INFO -当前宽高[907,526],图片宽高[907,680]
2014-06-05 22:08:40 com.baiting.layout.LyricDisplayer INFO -当前宽高[907,526],图片宽高[907,680]
2014-06-05 22:08:43 com.baiting.layout.LyricDisplayer INFO -当前宽高[907,526],图片宽高[907,680]
2014-06-05 22:08:45 com.baiting.layout.LyricDisplayer INFO -当前宽高[907,526],图片宽高[907,680]
2014-06-05 22:09:29 com.baiting.layout.LyricDisplayer INFO -当前宽高[907,526],图片宽高[907,680]
2014-06-05 22:09:30 com.baiting.layout.LyricDisplayer INFO -当前宽高[907,526],图片宽高[907,680]
2014-06-05 22:09:34 com.baiting.layout.LyricDisplayer INFO -当前宽高[907,526],图片宽高[907,680]
2014-06-05 22:10:21 com.baiting.layout.LyricDisplayer INFO -当前宽高[907,526],图片宽高[907,680]
2014-06-05 22:10:23 com.baiting.layout.LyricDisplayer INFO -当前宽高[907,526],图片宽高[907,680]
2014-06-05 22:10:28 com.baiting.layout.LyricDisplayer INFO -当前宽高[907,526],图片宽高[907,680]
2014-06-05 22:28:19 com.baiting.main.BaiTingMain INFO -初始化数据.....
2014-06-05 22:28:19 com.baiting.main.BaiTingMain INFO -加载配置文件.....
2014-06-05 22:28:19 com.baiting.main.BaiTingMain INFO -加载配置文件..[完毕]...
2014-06-05 22:28:19 com.baiting.main.BaiTingMain INFO -开始运行程序.....
2014-06-05 22:30:03 com.baiting.main.BaiTingMain INFO -初始化数据.....
2014-06-05 22:30:03 com.baiting.main.BaiTingMain INFO -加载配置文件.....
2014-06-05 22:30:03 com.baiting.main.BaiTingMain INFO -加载配置文件..[完毕]...
2014-06-05 22:30:03 com.baiting.main.BaiTingMain INFO -开始运行程序.....
2014-06-05 22:32:15 org.apache.http.client.protocol.ResponseProcessCookies WARN -Cookie rejected [BAIDUID="1AF2A931671558D16FB28C0EDF127F24:FG=1", version:1, domain:.baidu.com, path:/, expiry:Fri Jun 05 22:32:15 CST 2015] Domain attribute ".baidu.com" violates RFC 2109: host minus domain may not contain any dots
2014-06-05 22:32:41 org.apache.http.client.protocol.ResponseProcessCookies WARN -Cookie rejected [BAIDUID="6A592EEA68656519FD1EAB60E3F5EDD4:FG=1", version:1, domain:.baidu.com, path:/, expiry:Fri Jun 05 22:32:41 CST 2015] Domain attribute ".baidu.com" violates RFC 2109: host minus domain may not contain any dots
2014-06-05 22:32:43 org.apache.http.client.protocol.ResponseProcessCookies WARN -Cookie rejected [BAIDUID="A63ADC34B704DC33E0A6435EDCA6B378:FG=1", version:1, domain:.baidu.com, path:/, expiry:Fri Jun 05 22:32:43 CST 2015] Domain attribute ".baidu.com" violates RFC 2109: host minus domain may not contain any dots
2014-06-05 22:32:50 org.apache.http.client.protocol.ResponseProcessCookies WARN -Cookie rejected [BAIDUID="2BC8ACBBA72B9584F22CD7C6F151376F:FG=1", version:1, domain:.baidu.com, path:/, expiry:Fri Jun 05 22:32:50 CST 2015] Domain attribute ".baidu.com" violates RFC 2109: host minus domain may not contain any dots
2014-06-05 22:32:54 org.apache.http.client.protocol.ResponseProcessCookies WARN -Cookie rejected [BAIDUID="571ED723436BE629B9D50EAE135AFC1E:FG=1", version:1, domain:.baidu.com, path:/, expiry:Fri Jun 05 22:32:54 CST 2015] Domain attribute ".baidu.com" violates RFC 2109: host minus domain may not contain any dots
2014-06-05 22:32:55 org.apache.http.client.protocol.ResponseProcessCookies WARN -Cookie rejected [BAIDUID="571ED723436BE629ED194E411883FEE9:FG=1", version:1, domain:.baidu.com, path:/, expiry:Fri Jun 05 22:32:55 CST 2015] Domain attribute ".baidu.com" violates RFC 2109: host minus domain may not contain any dots
2014-06-05 22:32:55 org.apache.http.client.protocol.ResponseProcessCookies WARN -Cookie rejected [BAIDUID="5339277AB417C47B60D2A8F0074E5EE5:FG=1", version:1, domain:.baidu.com, path:/, expiry:Fri Jun 05 22:32:55 CST 2015] Domain attribute ".baidu.com" violates RFC 2109: host minus domain may not contain any dots
2014-06-05 22:32:56 org.apache.http.client.protocol.ResponseProcessCookies WARN -Cookie rejected [BAIDUID="B7F42FB29C6ED678D130A2C00BD9A4A8:FG=1", version:1, domain:.baidu.com, path:/, expiry:Fri Jun 05 22:32:56 CST 2015] Domain attribute ".baidu.com" violates RFC 2109: host minus domain may not contain any dots
2014-06-05 22:36:38 com.baiting.layout.LyricDisplayer INFO -当前宽高[907,526],图片宽高[907,739]
2014-06-05 22:36:39 com.baiting.layout.LyricDisplayer INFO -当前宽高[907,526],图片宽高[907,739]
2014-06-05 22:37:44 com.baiting.layout.LyricDisplayer INFO -当前宽高[907,526],图片宽高[907,680]
2014-06-05 22:37:44 com.baiting.layout.LyricDisplayer INFO -当前宽高[907,526],图片宽高[907,680]
2014-06-05 22:37:47 com.baiting.layout.LyricDisplayer INFO -当前宽高[907,526],图片宽高[907,680]
2014-06-05 22:41:09 com.baiting.main.BaiTingMain INFO -初始化数据.....
2014-06-05 22:41:09 com.baiting.main.BaiTingMain INFO -加载配置文件.....
2014-06-05 22:41:09 com.baiting.main.BaiTingMain INFO -加载配置文件..[完毕]...
2014-06-05 22:41:09 com.baiting.main.BaiTingMain INFO -开始运行程序.....
2014-06-05 22:41:31 com.baiting.layout.LyricDisplayer INFO -当前宽高[907,526],图片宽高[907,739]
2014-06-05 22:42:42 com.baiting.layout.LyricDisplayer INFO -当前宽高[907,526],图片宽高[907,680]
2014-06-05 22:42:43 com.baiting.layout.LyricDisplayer INFO -当前宽高[907,526],图片宽高[907,680]
2014-06-05 22:42:46 com.baiting.layout.LyricDisplayer INFO -当前宽高[907,526],图片宽高[907,680]
2014-06-05 22:42:48 com.baiting.layout.LyricDisplayer INFO -当前宽高[907,526],图片宽高[907,680]
2014-06-05 22:42:53 com.baiting.layout.LyricDisplayer INFO -当前宽高[907,526],图片宽高[907,680]
2014-06-05 22:45:03 com.baiting.main.BaiTingMain INFO -初始化数据.....
2014-06-05 22:45:03 com.baiting.main.BaiTingMain INFO -加载配置文件.....
2014-06-05 22:45:03 com.baiting.main.BaiTingMain INFO -加载配置文件..[完毕]...
2014-06-05 22:45:03 com.baiting.main.BaiTingMain INFO -开始运行程序.....
2014-06-05 22:46:05 com.baiting.main.BaiTingMain INFO -初始化数据.....
2014-06-05 22:46:05 com.baiting.main.BaiTingMain INFO -加载配置文件.....
2014-06-05 22:46:06 com.baiting.main.BaiTingMain INFO -加载配置文件..[完毕]...
2014-06-05 22:46:06 com.baiting.main.BaiTingMain INFO -开始运行程序.....
2014-06-05 22:46:41 com.baiting.layout.LyricDisplayer INFO -当前宽高[907,526],图片宽高[907,679]
2014-06-05 22:46:44 com.baiting.layout.LyricDisplayer INFO -当前宽高[907,526],图片宽高[907,679]
2014-06-05 22:46:48 com.baiting.layout.LyricDisplayer INFO -当前宽高[907,526],图片宽高[907,679]
2014-06-05 22:46:52 com.baiting.layout.LyricDisplayer INFO -当前宽高[907,526],图片宽高[907,679]
2014-06-05 22:48:43 org.apache.http.impl.execchain.RetryExec INFO -I/O exception (java.net.SocketException) caught when processing request to {}->http://www.0577wh.com:80: Software caused connection abort: recv failed
2014-06-05 22:48:43 org.apache.http.impl.execchain.RetryExec INFO -Retrying request to {}->http://www.0577wh.com:80
2014-06-05 22:48:53 org.apache.http.impl.execchain.RetryExec INFO -I/O exception (java.net.SocketException) caught when processing request to {}->http://www.0577wh.com:80: Software caused connection abort: recv failed
2014-06-05 22:48:53 org.apache.http.impl.execchain.RetryExec INFO -Retrying request to {}->http://www.0577wh.com:80
2014-06-05 22:48:55 org.apache.http.impl.execchain.RetryExec INFO -I/O exception (java.net.SocketException) caught when processing request to {}->http://www.0577wh.com:80: Software caused connection abort: recv failed
2014-06-05 22:48:55 org.apache.http.impl.execchain.RetryExec INFO -Retrying request to {}->http://www.0577wh.com:80
2014-06-05 22:49:04 com.baiting.layout.LyricDisplayer INFO -网络图片加载超失败---[异常]--
2014-06-05 22:49:31 com.baiting.layout.LyricDisplayer INFO -当前宽高[907,526],图片宽高[907,604]
2014-06-05 22:50:50 com.baiting.main.BaiTingMain INFO -初始化数据.....
2014-06-05 22:50:50 com.baiting.main.BaiTingMain INFO -加载配置文件.....
2014-06-05 22:50:50 com.baiting.main.BaiTingMain INFO -加载配置文件..[完毕]...
2014-06-05 22:50:50 com.baiting.main.BaiTingMain INFO -开始运行程序.....
2014-06-05 22:51:16 com.baiting.layout.LyricDisplayer INFO -当前宽高[907,526],图片宽高[907,679]
2014-06-05 22:51:16 com.baiting.layout.LyricDisplayer INFO -当前宽高[907,526],图片宽高[907,679]
2014-06-05 22:51:20 com.baiting.layout.LyricDisplayer INFO -当前宽高[907,526],图片宽高[907,679]
2014-06-05 22:51:25 com.baiting.layout.LyricDisplayer INFO -当前宽高[907,526],图片宽高[907,679]
2014-06-05 22:53:04 org.apache.http.impl.execchain.RetryExec INFO -I/O exception (java.net.SocketException) caught when processing request to {}->http://www.0577wh.com:80: Software caused connection abort: recv failed
2014-06-05 22:53:04 org.apache.http.impl.execchain.RetryExec INFO -Retrying request to {}->http://www.0577wh.com:80
2014-06-05 22:53:23 org.apache.http.impl.execchain.RetryExec INFO -I/O exception (java.net.SocketException) caught when processing request to {}->http://www.0577wh.com:80: Software caused connection abort: recv failed
2014-06-05 22:53:23 org.apache.http.impl.execchain.RetryExec INFO -Retrying request to {}->http://www.0577wh.com:80
2014-06-05 22:53:33 org.apache.http.impl.execchain.RetryExec INFO -I/O exception (java.net.SocketException) caught when processing request to {}->http://www.0577wh.com:80: Software caused connection abort: recv failed
2014-06-05 22:53:33 org.apache.http.impl.execchain.RetryExec INFO -Retrying request to {}->http://www.0577wh.com:80
2014-06-05 22:53:52 com.baiting.layout.LyricDisplayer INFO -网络图片加载超失败---[异常]--
2014-06-05 22:54:26 com.baiting.layout.LyricDisplayer INFO -当前宽高[907,526],图片宽高[907,604]
2014-06-05 23:02:45 com.baiting.layout.LyricDisplayer INFO -当前宽高[907,526],图片宽高[907,606]
2014-06-05 23:03:09 com.baiting.main.BaiTingMain INFO -初始化数据.....
2014-06-05 23:03:09 com.baiting.main.BaiTingMain INFO -加载配置文件.....
2014-06-05 23:03:09 com.baiting.main.BaiTingMain INFO -加载配置文件..[完毕]...
2014-06-05 23:03:09 com.baiting.main.BaiTingMain INFO -开始运行程序.....
2014-06-05 23:04:05 com.baiting.layout.LyricDisplayer INFO -当前宽高[907,526],图片宽高[907,606]
2014-06-05 23:04:06 com.baiting.layout.LyricDisplayer INFO -当前宽高[907,526],图片宽高[907,606]
2014-06-05 23:04:10 com.baiting.layout.LyricDisplayer INFO -当前宽高[907,526],图片宽高[907,606]
2014-06-05 23:04:16 com.baiting.layout.LyricDisplayer INFO -当前宽高[907,526],图片宽高[907,606]
2014-06-05 23:05:41 com.baiting.layout.LyricDisplayer INFO -当前宽高[907,526],图片宽高[907,680]
2014-06-05 23:05:45 com.baiting.layout.LyricDisplayer INFO -当前宽高[907,526],图片宽高[907,680]
2014-06-05 23:05:49 com.baiting.layout.LyricDisplayer INFO -当前宽高[907,526],图片宽高[907,680]
2014-06-05 23:05:51 com.baiting.layout.LyricDisplayer INFO -当前宽高[907,526],图片宽高[907,680]
2014-06-05 23:07:16 com.baiting.layout.LyricDisplayer INFO -当前宽高[907,526],图片宽高[907,606]
2014-06-05 23:08:27 com.baiting.layout.LyricDisplayer INFO -当前宽高[907,526],图片宽高[907,680]
2014-06-05 23:08:30 com.baiting.layout.LyricDisplayer INFO -当前宽高[907,526],图片宽高[907,680]
2014-06-05 23:08:35 com.baiting.layout.LyricDisplayer INFO -当前宽高[907,526],图片宽高[907,680]
2014-06-05 23:09:23 com.baiting.layout.LyricDisplayer INFO -当前宽高[907,526],图片宽高[907,680]
2014-06-05 23:09:23 com.baiting.layout.LyricDisplayer INFO -当前宽高[907,526],图片宽高[907,680]
2014-06-05 23:09:28 com.baiting.layout.LyricDisplayer INFO -当前宽高[907,526],图片宽高[907,680]
2014-06-05 23:09:33 com.baiting.layout.LyricDisplayer INFO -当前宽高[907,526],图片宽高[907,680]
2014-06-05 23:10:18 com.baiting.layout.LyricDisplayer INFO -当前宽高[907,526],图片宽高[907,680]
2014-06-05 23:10:22 com.baiting.layout.LyricDisplayer INFO -当前宽高[907,526],图片宽高[907,680]
2014-06-05 23:10:27 com.baiting.layout.LyricDisplayer INFO -当前宽高[907,526],图片宽高[907,680]
2014-06-05 23:11:12 com.baiting.layout.LyricDisplayer INFO -当前宽高[907,526],图片宽高[907,680]
2014-06-05 23:11:16 com.baiting.layout.LyricDisplayer INFO -当前宽高[907,526],图片宽高[907,680]
2014-06-05 23:11:21 com.baiting.layout.LyricDisplayer INFO -当前宽高[907,526],图片宽高[907,680]
2014-06-05 23:28:20 com.baiting.layout.LyricDisplayer INFO -当前宽高[907,526],图片宽高[907,680]
2014-06-05 23:28:21 com.baiting.layout.LyricDisplayer INFO -当前宽高[907,526],图片宽高[907,680]
2014-06-05 23:28:26 com.baiting.layout.LyricDisplayer INFO -当前宽高[907,526],图片宽高[907,680]
2014-06-05 23:28:32 com.baiting.layout.LyricDisplayer INFO -当前宽高[907,526],图片宽高[907,806]
2014-06-05 23:28:38 com.baiting.layout.LyricDisplayer INFO -当前宽高[907,526],图片宽高[907,806]
2014-06-05 23:28:58 com.baiting.layout.LyricDisplayer INFO -当前宽高[907,526],图片宽高[907,566]
2014-06-05 23:29:04 com.baiting.layout.LyricDisplayer INFO -当前宽高[907,526],图片宽高[907,566]
2014-06-05 23:29:11 com.baiting.layout.LyricDisplayer INFO -当前宽高[907,526],图片宽高[907,598]
2014-06-05 23:29:13 com.baiting.layout.LyricDisplayer INFO -当前宽高[907,526],图片宽高[907,598]
2014-06-05 23:31:48 com.baiting.layout.LyricDisplayer INFO -当前宽高[907,526],图片宽高[907,596]
2014-06-05 23:31:48 com.baiting.layout.LyricDisplayer INFO -当前宽高[907,526],图片宽高[907,596]
2014-06-05 23:31:48 com.baiting.layout.LyricDisplayer INFO -当前宽高[907,526],图片宽高[907,596]
2014-06-05 23:31:52 com.baiting.layout.LyricDisplayer INFO -当前宽高[907,526],图片宽高[907,596]
2014-06-05 23:32:27 com.baiting.layout.LyricDisplayer INFO -当前宽高[907,526],图片宽高[907,680]
